<?xml version="1.0" encoding="UTF-8"?>
<!-- Generated by org.testng.reporters.JUnitXMLReporter -->
<testsuite ignored="0" hostname="HemanthKumar" failures="0" tests="4" name="Default test" time="86.759" errors="0" timestamp="2022-10-03T20:01:33 IST">
  <testcase classname="com.test.RegisterTest" name="register" time="61.129"/>
  <testcase classname="com.test.RegisterTest" name="login" time="13.987"/>
  <testcase classname="com.test.RegisterTest" name="search" time="4.304"/>
  <testcase classname="com.test.RegisterTest" name="addToCart" time="3.668"/>
</testsuite> <!-- Default test -->
