<?xml version="1.0" encoding="UTF-8"?>
<testng-results ignored="0" total="4" passed="4" failed="0" skipped="0">
  <reporter-output>
  </reporter-output>
  <suite started-at="2022-10-03T20:00:06 IST" name="Default suite" finished-at="2022-10-03T20:01:33 IST" duration-ms="86759">
    <groups>
    </groups>
    <test started-at="2022-10-03T20:00:06 IST" name="Default test" finished-at="2022-10-03T20:01:33 IST" duration-ms="86759">
      <class name="com.test.RegisterTest">
        <test-method is-config="true" signature="beforeClass()[pri:0, instance:com.test.RegisterTest@26e356f0]" started-at="2022-10-03T20:00:06 IST" name="beforeClass" finished-at="2022-10-03T20:00:10 IST" duration-ms="3576" status="PASS">
          <reporter-output>
          </reporter-output>
        </test-method> <!-- beforeClass -->
        <test-method is-config="true" signature="beforeMethod()[pri:0, instance:com.test.RegisterTest@26e356f0]" started-at="2022-10-03T20:00:10 IST" name="beforeMethod" finished-at="2022-10-03T20:00:10 IST" duration-ms="7" status="PASS">
          <reporter-output>
          </reporter-output>
        </test-method> <!-- beforeMethod -->
        <test-method signature="register()[pri:1, instance:com.test.RegisterTest@26e356f0]" started-at="2022-10-03T20:00:10 IST" name="register" finished-at="2022-10-03T20:01:11 IST" duration-ms="61129" status="PASS">
          <reporter-output>
          </reporter-output>
        </test-method> <!-- register -->
        <test-method is-config="true" signature="beforeMethod()[pri:0, instance:com.test.RegisterTest@26e356f0]" started-at="2022-10-03T20:01:11 IST" name="beforeMethod" finished-at="2022-10-03T20:01:11 IST" duration-ms="8" status="PASS">
          <reporter-output>
          </reporter-output>
        </test-method> <!-- beforeMethod -->
        <test-method is-config="true" signature="afterMethod()[pri:0, instance:com.test.RegisterTest@26e356f0]" started-at="2022-10-03T20:01:11 IST" name="afterMethod" finished-at="2022-10-03T20:01:11 IST" duration-ms="0" status="PASS">
          <reporter-output>
          </reporter-output>
        </test-method> <!-- afterMethod -->
        <test-method signature="login()[pri:2, instance:com.test.RegisterTest@26e356f0]" started-at="2022-10-03T20:01:11 IST" name="login" finished-at="2022-10-03T20:01:25 IST" duration-ms="13987" status="PASS">
          <reporter-output>
          </reporter-output>
        </test-method> <!-- login -->
        <test-method is-config="true" signature="afterMethod()[pri:0, instance:com.test.RegisterTest@26e356f0]" started-at="2022-10-03T20:01:25 IST" name="afterMethod" finished-at="2022-10-03T20:01:25 IST" duration-ms="0" status="PASS">
          <reporter-output>
          </reporter-output>
        </test-method> <!-- afterMethod -->
        <test-method is-config="true" signature="beforeMethod()[pri:0, instance:com.test.RegisterTest@26e356f0]" started-at="2022-10-03T20:01:25 IST" name="beforeMethod" finished-at="2022-10-03T20:01:25 IST" duration-ms="8" status="PASS">
          <reporter-output>
          </reporter-output>
        </test-method> <!-- beforeMethod -->
        <test-method signature="search()[pri:3, instance:com.test.RegisterTest@26e356f0]" started-at="2022-10-03T20:01:25 IST" name="search" finished-at="2022-10-03T20:01:29 IST" duration-ms="4304" status="PASS">
          <reporter-output>
          </reporter-output>
        </test-method> <!-- search -->
        <test-method signature="addToCart()[pri:4, instance:com.test.RegisterTest@26e356f0]" started-at="2022-10-03T20:01:29 IST" name="addToCart" finished-at="2022-10-03T20:01:33 IST" duration-ms="3668" status="PASS">
          <reporter-output>
          </reporter-output>
        </test-method> <!-- addToCart -->
        <test-method is-config="true" signature="beforeMethod()[pri:0, instance:com.test.RegisterTest@26e356f0]" started-at="2022-10-03T20:01:29 IST" name="beforeMethod" finished-at="2022-10-03T20:01:29 IST" duration-ms="0" status="PASS">
          <reporter-output>
          </reporter-output>
        </test-method> <!-- beforeMethod -->
        <test-method is-config="true" signature="afterMethod()[pri:0, instance:com.test.RegisterTest@26e356f0]" started-at="2022-10-03T20:01:29 IST" name="afterMethod" finished-at="2022-10-03T20:01:29 IST" duration-ms="0" status="PASS">
          <reporter-output>
          </reporter-output>
        </test-method> <!-- afterMethod -->
        <test-method is-config="true" signature="afterMethod()[pri:0, instance:com.test.RegisterTest@26e356f0]" started-at="2022-10-03T20:01:33 IST" name="afterMethod" finished-at="2022-10-03T20:01:33 IST" duration-ms="0" status="PASS">
          <reporter-output>
          </reporter-output>
        </test-method> <!-- afterMethod -->
        <test-method is-config="true" signature="afterClass()[pri:0, instance:com.test.RegisterTest@26e356f0]" started-at="2022-10-03T20:01:33 IST" name="afterClass" finished-at="2022-10-03T20:01:33 IST" duration-ms="1" status="PASS">
          <reporter-output>
          </reporter-output>
        </test-method> <!-- afterClass -->
      </class> <!-- com.test.RegisterTest -->
    </test> <!-- Default test -->
  </suite> <!-- Default suite -->
</testng-results>
